<?xml version="1.0" encoding="UTF-8"?>
<!-- Generated by org.testng.reporters.JUnitReportReporter -->
<testsuite hostname="DESKTOP-QUSVQOE" failures="0" tests="4" name="Citation_Tool_Test.Online_News_Aritcle_Test" time="26.817" errors="0" timestamp="2024-07-03T12:26:47 IST" skipped="0">
  <testcase classname="Citation_Tool_Test.Online_News_Aritcle_Test" name="Launch_app" time="5.766"/>
  <testcase classname="Citation_Tool_Test.Online_News_Aritcle_Test" name="Test_Login" time="2.523"/>
  <testcase classname="Citation_Tool_Test.Online_News_Aritcle_Test" name="Test_Login_form" time="14.061"/>
  <testcase classname="Citation_Tool_Test.Online_News_Aritcle_Test" name="Test_Online_News_Aritcle_Page" time="4.467"/>
</testsuite> <!-- Citation_Tool_Test.Online_News_Aritcle_Test -->
