<?xml version="1.0" encoding="UTF-8"?>
<!-- Generated by org.testng.reporters.JUnitReportReporter -->
<testsuite hostname="DESKTOP-QUSVQOE" failures="0" tests="4" name="APP_Writing_Test.Marketing_Ideas_Test" time="73.463" errors="0" timestamp="2024-06-26T12:48:55 IST" skipped="0">
  <testcase classname="APP_Writing_Test.Marketing_Ideas_Test" name="Launch_app" time="0.960"/>
  <testcase classname="APP_Writing_Test.Marketing_Ideas_Test" name="Test_Login" time="3.275"/>
  <testcase classname="APP_Writing_Test.Marketing_Ideas_Test" name="Test_Login_form" time="47.499"/>
  <testcase classname="APP_Writing_Test.Marketing_Ideas_Test" name="Test_Market_idea" time="21.729"/>
</testsuite> <!-- APP_Writing_Test.Marketing_Ideas_Test -->
