<?xml version="1.0" encoding="UTF-8"?>
<!-- Generated by org.testng.reporters.JUnitReportReporter -->
<testsuite hostname="DESKTOP-QUSVQOE" failures="0" tests="4" name="Plagiarism_Checker_Tool.Plagiarism_Checker_download_report_Test" time="18.778" errors="0" timestamp="2024-07-01T18:38:23 IST" skipped="0">
  <testcase classname="Plagiarism_Checker_Tool.Plagiarism_Checker_download_report_Test" name="Launch_app" time="3.541"/>
  <testcase classname="Plagiarism_Checker_Tool.Plagiarism_Checker_download_report_Test" name="Test_Login" time="2.522"/>
  <testcase classname="Plagiarism_Checker_Tool.Plagiarism_Checker_download_report_Test" name="Test_Login_form" time="6.101"/>
  <testcase classname="Plagiarism_Checker_Tool.Plagiarism_Checker_download_report_Test" name="Test_Plagiarism_Checker_download_report_Page" time="6.614"/>
</testsuite> <!-- Plagiarism_Checker_Tool.Plagiarism_Checker_download_report_Test -->
