<?xml version="1.0" encoding="UTF-8"?>
<!-- Generated by org.testng.reporters.JUnitReportReporter -->
<testsuite hostname="DESKTOP-QUSVQOE" failures="0" tests="4" name="APP_Writing_Test.Tone_checker_Test" time="21.202" errors="0" timestamp="2024-06-27T12:45:02 IST" skipped="0">
  <testcase classname="APP_Writing_Test.Tone_checker_Test" name="Launch_app" time="3.446"/>
  <testcase classname="APP_Writing_Test.Tone_checker_Test" name="Test_Login" time="2.550"/>
  <testcase classname="APP_Writing_Test.Tone_checker_Test" name="Test_Login_form" time="5.060"/>
  <testcase classname="APP_Writing_Test.Tone_checker_Test" name="Test_Tone_checker" time="10.146"/>
</testsuite> <!-- APP_Writing_Test.Tone_checker_Test -->
