<?xml version="1.0" encoding="UTF-8"?>
<!-- Generated by org.testng.reporters.JUnitReportReporter -->
<testsuite hostname="DESKTOP-QUSVQOE" failures="0" tests="4" name="TO_DO_Section_checking.TO_DO_Create_Test" time="18.170" errors="0" timestamp="2024-07-04T14:35:20 IST" skipped="0">
  <testcase classname="TO_DO_Section_checking.TO_DO_Create_Test" name="Launch_app" time="3.525"/>
  <testcase classname="TO_DO_Section_checking.TO_DO_Create_Test" name="Test_Login" time="2.538"/>
  <testcase classname="TO_DO_Section_checking.TO_DO_Create_Test" name="Test_Login_form" time="7.278"/>
  <testcase classname="TO_DO_Section_checking.TO_DO_Create_Test" name="Test_TO_DO_Create_Page" time="4.829"/>
</testsuite> <!-- TO_DO_Section_checking.TO_DO_Create_Test -->
