<?xml version="1.0" encoding="UTF-8"?>
<!-- Generated by org.testng.reporters.JUnitReportReporter -->
<testsuite hostname="DESKTOP-QUSVQOE" failures="0" tests="4" name="Plagiarism_Checker_Tool.Plagiarism_Checker_BeforGrammer_checking_Test" time="32.458" errors="0" timestamp="2024-07-01T17:53:40 IST" skipped="0">
  <testcase classname="Plagiarism_Checker_Tool.Plagiarism_Checker_BeforGrammer_checking_Test" name="Launch_app" time="3.486"/>
  <testcase classname="Plagiarism_Checker_Tool.Plagiarism_Checker_BeforGrammer_checking_Test" name="Test_Login" time="2.571"/>
  <testcase classname="Plagiarism_Checker_Tool.Plagiarism_Checker_BeforGrammer_checking_Test" name="Test_Login_form" time="6.197"/>
  <testcase classname="Plagiarism_Checker_Tool.Plagiarism_Checker_BeforGrammer_checking_Test" name="Test_Plagiarism_Checker_BeforGrammer_checking_Page" time="20.204"/>
</testsuite> <!-- Plagiarism_Checker_Tool.Plagiarism_Checker_BeforGrammer_checking_Test -->
