<?xml version="1.0" encoding="UTF-8"?>
<!-- Generated by org.testng.reporters.JUnitReportReporter -->
<testsuite hostname="DESKTOP-QUSVQOE" failures="0" tests="3" name="Login.Login_form_Test" time="13.124" errors="0" timestamp="2024-06-24T14:31:37 IST" skipped="0">
  <testcase classname="Login.Login_form_Test" name="Launch_app" time="4.376"/>
  <testcase classname="Login.Login_form_Test" name="Test_Login" time="2.533"/>
  <testcase classname="Login.Login_form_Test" name="Test_Login_form" time="6.215"/>
</testsuite> <!-- Login.Login_form_Test -->
