<?xml version="1.0" encoding="UTF-8"?>
<!-- Generated by org.testng.reporters.JUnitReportReporter -->
<testsuite hostname="DESKTOP-QUSVQOE" failures="0" tests="5" name="User_DashBoard_section.Team_Members_Test" time="24.325" errors="0" timestamp="2024-07-11T18:20:39 IST" skipped="0">
  <testcase classname="User_DashBoard_section.Team_Members_Test" name="Launch_app" time="3.458"/>
  <testcase classname="User_DashBoard_section.Team_Members_Test" name="Test_Login" time="2.572"/>
  <testcase classname="User_DashBoard_section.Team_Members_Test" name="Test_Login_form" time="6.400"/>
  <testcase classname="User_DashBoard_section.Team_Members_Test" name="Test_Acoount_DashBoard_Page" time="7.441"/>
  <testcase classname="User_DashBoard_section.Team_Members_Test" name="Test_Team_Members_Page" time="4.454"/>
</testsuite> <!-- User_DashBoard_section.Team_Members_Test -->
