<?xml version="1.0" encoding="UTF-8"?>
<!-- Generated by org.testng.reporters.JUnitReportReporter -->
<testsuite hostname="DESKTOP-QUSVQOE" failures="0" tests="4" name="Citation_Tool_Test.Journal_Article_Checker_MLA_Test" time="16.947" errors="0" timestamp="2024-07-02T17:37:26 IST" skipped="0">
  <testcase classname="Citation_Tool_Test.Journal_Article_Checker_MLA_Test" name="Launch_app" time="3.603"/>
  <testcase classname="Citation_Tool_Test.Journal_Article_Checker_MLA_Test" name="Test_Login" time="2.555"/>
  <testcase classname="Citation_Tool_Test.Journal_Article_Checker_MLA_Test" name="Test_Login_form" time="7.141"/>
  <testcase classname="Citation_Tool_Test.Journal_Article_Checker_MLA_Test" name="Test_Journal_Article_Checker_MLA_Page" time="3.648"/>
</testsuite> <!-- Citation_Tool_Test.Journal_Article_Checker_MLA_Test -->
