<?xml version="1.0" encoding="UTF-8"?>
<!-- Generated by org.testng.reporters.JUnitReportReporter -->
<testsuite hostname="DESKTOP-QUSVQOE" failures="0" tests="4" name="APP_Writing_Test.How_it_Work_Test" time="27.585" errors="0" timestamp="2024-06-25T18:23:17 IST" skipped="0">
  <testcase classname="APP_Writing_Test.How_it_Work_Test" name="Launch_app" time="3.548"/>
  <testcase classname="APP_Writing_Test.How_it_Work_Test" name="Test_Login" time="2.516"/>
  <testcase classname="APP_Writing_Test.How_it_Work_Test" name="Test_Login_form" time="6.311"/>
  <testcase classname="APP_Writing_Test.How_it_Work_Test" name="Test_How_To_works" time="15.210"/>
</testsuite> <!-- APP_Writing_Test.How_it_Work_Test -->
