<?xml version="1.0" encoding="UTF-8"?>
<!-- Generated by org.testng.reporters.JUnitReportReporter -->
<testsuite hostname="DESKTOP-QUSVQOE" failures="0" tests="4" name="APP_Writing_Test.Meme_functionality_Test" time="21.901" errors="0" timestamp="2024-06-25T12:53:42 IST" skipped="0">
  <testcase classname="APP_Writing_Test.Meme_functionality_Test" name="Launch_app" time="3.532"/>
  <testcase classname="APP_Writing_Test.Meme_functionality_Test" name="Test_Login" time="2.491"/>
  <testcase classname="APP_Writing_Test.Meme_functionality_Test" name="Test_Login_form" time="6.445"/>
  <testcase classname="APP_Writing_Test.Meme_functionality_Test" name="Test_Meme_genrator" time="9.433"/>
</testsuite> <!-- APP_Writing_Test.Meme_functionality_Test -->
