<?xml version="1.0" encoding="UTF-8"?>
<!-- Generated by org.testng.reporters.JUnitReportReporter -->
<testsuite hostname="DESKTOP-QUSVQOE" failures="0" tests="4" name="APP_Writing_Test.before_and_bridge_framework_Test" time="25.423" errors="0" timestamp="2024-06-26T18:14:37 IST" skipped="0">
  <testcase classname="APP_Writing_Test.before_and_bridge_framework_Test" name="Launch_app" time="3.640"/>
  <testcase classname="APP_Writing_Test.before_and_bridge_framework_Test" name="Test_Login" time="2.496"/>
  <testcase classname="APP_Writing_Test.before_and_bridge_framework_Test" name="Test_Login_form" time="7.051"/>
  <testcase classname="APP_Writing_Test.before_and_bridge_framework_Test" name="Test_Faq" time="12.236"/>
</testsuite> <!-- APP_Writing_Test.before_and_bridge_framework_Test -->
