<?xml version="1.0" encoding="UTF-8"?>
<!-- Generated by org.testng.reporters.JUnitReportReporter -->
<testsuite hostname="DESKTOP-QUSVQOE" failures="0" tests="4" name="APP_Writing_Test.Product_name_generator_Test" time="25.841" errors="0" timestamp="2024-06-28T18:04:48 IST" skipped="0">
  <testcase classname="APP_Writing_Test.Product_name_generator_Test" name="Launch_app" time="3.430"/>
  <testcase classname="APP_Writing_Test.Product_name_generator_Test" name="Test_Login" time="2.499"/>
  <testcase classname="APP_Writing_Test.Product_name_generator_Test" name="Test_Login_form" time="7.472"/>
  <testcase classname="APP_Writing_Test.Product_name_generator_Test" name="Test_Product_name_generator_Page" time="12.440"/>
</testsuite> <!-- APP_Writing_Test.Product_name_generator_Test -->
