<?xml version="1.0" encoding="UTF-8"?>
<!-- Generated by org.testng.reporters.JUnitReportReporter -->
<testsuite hostname="DESKTOP-QUSVQOE" failures="0" tests="4" name="APP_Writing_Test.Paraphase_checking" time="19.747" errors="0" timestamp="2024-06-24T19:11:28 IST" skipped="0">
  <testcase classname="APP_Writing_Test.Paraphase_checking" name="Launch_app" time="0.842"/>
  <testcase classname="APP_Writing_Test.Paraphase_checking" name="Test_Login" time="3.416"/>
  <testcase classname="APP_Writing_Test.Paraphase_checking" name="Test_Login_form" time="5.178"/>
  <testcase classname="APP_Writing_Test.Paraphase_checking" name="Test_Paraphrase" time="10.311"/>
</testsuite> <!-- APP_Writing_Test.Paraphase_checking -->
