<?xml version="1.0" encoding="UTF-8"?>
<!-- Generated by org.testng.reporters.JUnitReportReporter -->
<testsuite hostname="DESKTOP-QUSVQOE" failures="0" tests="4" name="APP_Writing_Test.Tagline_generator_Test" time="26.872" errors="0" timestamp="2024-06-25T13:44:50 IST" skipped="0">
  <testcase classname="APP_Writing_Test.Tagline_generator_Test" name="Launch_app" time="4.968"/>
  <testcase classname="APP_Writing_Test.Tagline_generator_Test" name="Test_Login" time="2.518"/>
  <testcase classname="APP_Writing_Test.Tagline_generator_Test" name="Test_Login_form" time="7.713"/>
  <testcase classname="APP_Writing_Test.Tagline_generator_Test" name="Test_Meme_genrator" time="11.673"/>
</testsuite> <!-- APP_Writing_Test.Tagline_generator_Test -->
