<?xml version="1.0" encoding="UTF-8"?>
<!-- Generated by org.testng.reporters.JUnitReportReporter -->
<testsuite hostname="DESKTOP-QUSVQOE" failures="0" tests="4" name="APP_Writing_Test.sales_pitch_Test" time="26.354" errors="0" timestamp="2024-06-27T12:36:12 IST" skipped="0">
  <testcase classname="APP_Writing_Test.sales_pitch_Test" name="Launch_app" time="3.409"/>
  <testcase classname="APP_Writing_Test.sales_pitch_Test" name="Test_Login" time="2.576"/>
  <testcase classname="APP_Writing_Test.sales_pitch_Test" name="Test_Login_form" time="7.078"/>
  <testcase classname="APP_Writing_Test.sales_pitch_Test" name="Test_sales_pitch" time="13.291"/>
</testsuite> <!-- APP_Writing_Test.sales_pitch_Test -->
