<?xml version="1.0" encoding="UTF-8"?>
<!-- Generated by org.testng.reporters.JUnitReportReporter -->
<testsuite hostname="DESKTOP-QUSVQOE" failures="0" tests="4" name="Projects_Create.Created_Project_Check_Test" time="81.974" errors="0" timestamp="2024-07-04T13:37:13 IST" skipped="0">
  <testcase classname="Projects_Create.Created_Project_Check_Test" name="Launch_app" time="0.970"/>
  <testcase classname="Projects_Create.Created_Project_Check_Test" name="Test_Login" time="3.712"/>
  <testcase classname="Projects_Create.Created_Project_Check_Test" name="Test_Login_form" time="10.361"/>
  <testcase classname="Projects_Create.Created_Project_Check_Test" name="Test_Created_Project_Check_Page" time="66.931"/>
</testsuite> <!-- Projects_Create.Created_Project_Check_Test -->
