<?xml version="1.0" encoding="UTF-8"?>
<!-- Generated by org.testng.reporters.JUnitReportReporter -->
<testsuite hostname="DESKTOP-QUSVQOE" failures="0" tests="5" name="Login.Edit_Profile_Test" time="24.964" errors="0" timestamp="2024-07-11T12:28:26 IST" skipped="0">
  <testcase classname="Login.Edit_Profile_Test" name="Launch_app" time="3.510"/>
  <testcase classname="Login.Edit_Profile_Test" name="Test_Login" time="2.541"/>
  <testcase classname="Login.Edit_Profile_Test" name="Test_Login_form" time="5.944"/>
  <testcase classname="Login.Edit_Profile_Test" name="Test_Acoount_DashBoard_Page" time="7.982"/>
  <testcase classname="Login.Edit_Profile_Test" name="Test_Edit_Profile_Page" time="4.987"/>
</testsuite> <!-- Login.Edit_Profile_Test -->
