<?xml version="1.0" encoding="UTF-8"?>
<!-- Generated by org.testng.reporters.JUnitReportReporter -->
<testsuite hostname="DESKTOP-QUSVQOE" failures="0" tests="4" name="APP_Writing_Test.Press_release_Test" time="26.643" errors="0" timestamp="2024-06-28T13:26:35 IST" skipped="0">
  <testcase classname="APP_Writing_Test.Press_release_Test" name="Launch_app" time="0.966"/>
  <testcase classname="APP_Writing_Test.Press_release_Test" name="Test_Login" time="3.577"/>
  <testcase classname="APP_Writing_Test.Press_release_Test" name="Test_Login_form" time="7.107"/>
  <testcase classname="APP_Writing_Test.Press_release_Test" name="Test_Press_release_Page" time="14.993"/>
</testsuite> <!-- APP_Writing_Test.Press_release_Test -->
