<?xml version="1.0" encoding="UTF-8"?>
<!-- Generated by org.testng.reporters.JUnitReportReporter -->
<testsuite hostname="DESKTOP-QUSVQOE" failures="0" tests="4" name="APP_Writing_Test.Engaging_questions_Test" time="26.007" errors="0" timestamp="2024-06-26T18:24:12 IST" skipped="0">
  <testcase classname="APP_Writing_Test.Engaging_questions_Test" name="Launch_app" time="3.480"/>
  <testcase classname="APP_Writing_Test.Engaging_questions_Test" name="Test_Login" time="2.495"/>
  <testcase classname="APP_Writing_Test.Engaging_questions_Test" name="Test_Login_form" time="6.625"/>
  <testcase classname="APP_Writing_Test.Engaging_questions_Test" name="Test_Engaging" time="13.407"/>
</testsuite> <!-- APP_Writing_Test.Engaging_questions_Test -->
