<?xml version="1.0" encoding="UTF-8"?>
<!-- Generated by org.testng.reporters.JUnitReportReporter -->
<testsuite hostname="DESKTOP-QUSVQOE" failures="0" tests="4" name="Citation_Tool_Test.Book_Citation_Checker_APA_Test" time="18.797" errors="0" timestamp="2024-07-02T18:03:45 IST" skipped="0">
  <testcase classname="Citation_Tool_Test.Book_Citation_Checker_APA_Test" name="Launch_app" time="3.491"/>
  <testcase classname="Citation_Tool_Test.Book_Citation_Checker_APA_Test" name="Test_Login" time="2.490"/>
  <testcase classname="Citation_Tool_Test.Book_Citation_Checker_APA_Test" name="Test_Login_form" time="8.002"/>
  <testcase classname="Citation_Tool_Test.Book_Citation_Checker_APA_Test" name="Test_Book_Citation_Checker_APA_Page" time="4.814"/>
</testsuite> <!-- Citation_Tool_Test.Book_Citation_Checker_APA_Test -->
