<?xml version="1.0" encoding="UTF-8"?>
<!-- Generated by org.testng.reporters.JUnitReportReporter -->
<testsuite hostname="DESKTOP-QUSVQOE" failures="0" tests="4" name="Login.Acoount_DashBoard_Test" time="19.825" errors="0" timestamp="2024-07-11T12:05:29 IST" skipped="0">
  <testcase classname="Login.Acoount_DashBoard_Test" name="Launch_app" time="3.499"/>
  <testcase classname="Login.Acoount_DashBoard_Test" name="Test_Login" time="2.510"/>
  <testcase classname="Login.Acoount_DashBoard_Test" name="Test_Login_form" time="6.184"/>
  <testcase classname="Login.Acoount_DashBoard_Test" name="Test_Acoount_DashBoard_Page" time="7.632"/>
</testsuite> <!-- Login.Acoount_DashBoard_Test -->
