<?xml version="1.0" encoding="UTF-8"?>
<!-- Generated by org.testng.reporters.JUnitReportReporter -->
<testsuite hostname="DESKTOP-QUSVQOE" failures="0" tests="4" name="Citation_Tool_Test.Online_News_Aritcle_MLA_Test" time="24.713" errors="0" timestamp="2024-07-03T12:37:24 IST" skipped="0">
  <testcase classname="Citation_Tool_Test.Online_News_Aritcle_MLA_Test" name="Launch_app" time="6.424"/>
  <testcase classname="Citation_Tool_Test.Online_News_Aritcle_MLA_Test" name="Test_Login" time="2.499"/>
  <testcase classname="Citation_Tool_Test.Online_News_Aritcle_MLA_Test" name="Test_Login_form" time="11.885"/>
  <testcase classname="Citation_Tool_Test.Online_News_Aritcle_MLA_Test" name="Test_Online_News_Aritcle_MLA_Page" time="3.905"/>
</testsuite> <!-- Citation_Tool_Test.Online_News_Aritcle_MLA_Test -->
