<?xml version="1.0" encoding="UTF-8"?>
<!-- Generated by org.testng.reporters.JUnitReportReporter -->
<testsuite hostname="DESKTOP-QUSVQOE" failures="0" tests="4" name="Citation_Tool_Test.Citation_Test" time="15.876" errors="0" timestamp="2024-07-02T14:28:27 IST" skipped="0">
  <testcase classname="Citation_Tool_Test.Citation_Test" name="Launch_app" time="3.400"/>
  <testcase classname="Citation_Tool_Test.Citation_Test" name="Test_Login" time="2.537"/>
  <testcase classname="Citation_Tool_Test.Citation_Test" name="Test_Login_form" time="6.684"/>
  <testcase classname="Citation_Tool_Test.Citation_Test" name="Test_Citation_Page" time="3.255"/>
</testsuite> <!-- Citation_Tool_Test.Citation_Test -->
