<?xml version="1.0" encoding="UTF-8"?>
<!-- Generated by org.testng.reporters.JUnitReportReporter -->
<testsuite hostname="DESKTOP-QUSVQOE" failures="0" tests="5" name="User_DashBoard_section.Notifications_Test" time="25.093" errors="0" timestamp="2024-07-11T18:28:33 IST" skipped="0">
  <testcase classname="User_DashBoard_section.Notifications_Test" name="Launch_app" time="3.819"/>
  <testcase classname="User_DashBoard_section.Notifications_Test" name="Test_Login" time="2.547"/>
  <testcase classname="User_DashBoard_section.Notifications_Test" name="Test_Login_form" time="6.463"/>
  <testcase classname="User_DashBoard_section.Notifications_Test" name="Test_Acoount_DashBoard_Page" time="7.914"/>
  <testcase classname="User_DashBoard_section.Notifications_Test" name="Test_Notifications_Page" time="4.350"/>
</testsuite> <!-- User_DashBoard_section.Notifications_Test -->
