<?xml version="1.0" encoding="UTF-8"?>
<!-- Generated by org.testng.reporters.JUnitReportReporter -->
<testsuite hostname="DESKTOP-QUSVQOE" failures="0" tests="4" name="APP_Writing_Test.Article_generator_Test" time="39.188" errors="0" timestamp="2024-06-27T13:46:08 IST" skipped="0">
  <testcase classname="APP_Writing_Test.Article_generator_Test" name="Launch_app" time="3.648"/>
  <testcase classname="APP_Writing_Test.Article_generator_Test" name="Test_Login" time="2.502"/>
  <testcase classname="APP_Writing_Test.Article_generator_Test" name="Test_Login_form" time="7.000"/>
  <testcase classname="APP_Writing_Test.Article_generator_Test" name="Test_sales_pitch" time="26.038"/>
</testsuite> <!-- APP_Writing_Test.Article_generator_Test -->
