<?xml version="1.0" encoding="UTF-8"?>
<!-- Generated by org.testng.reporters.JUnitReportReporter -->
<testsuite hostname="DESKTOP-QUSVQOE" failures="0" tests="4" name="APP_Writing_Test.Story_generator_Test" time="23.437" errors="0" timestamp="2024-06-28T13:05:04 IST" skipped="0">
  <testcase classname="APP_Writing_Test.Story_generator_Test" name="Launch_app" time="3.553"/>
  <testcase classname="APP_Writing_Test.Story_generator_Test" name="Test_Login" time="2.686"/>
  <testcase classname="APP_Writing_Test.Story_generator_Test" name="Test_Login_form" time="7.053"/>
  <testcase classname="APP_Writing_Test.Story_generator_Test" name="Test_Story_generator_Page" time="10.145"/>
</testsuite> <!-- APP_Writing_Test.Story_generator_Test -->
