<?xml version="1.0" encoding="UTF-8"?>
<!-- Generated by org.testng.reporters.JUnitReportReporter -->
<testsuite hostname="DESKTOP-QUSVQOE" failures="0" tests="4" name="Citation_Tool_Test.Webpage_Citation_Checker_With_IEEE_Test" time="19.480" errors="0" timestamp="2024-07-02T14:48:40 IST" skipped="0">
  <testcase classname="Citation_Tool_Test.Webpage_Citation_Checker_With_IEEE_Test" name="Launch_app" time="3.480"/>
  <testcase classname="Citation_Tool_Test.Webpage_Citation_Checker_With_IEEE_Test" name="Test_Login" time="2.508"/>
  <testcase classname="Citation_Tool_Test.Webpage_Citation_Checker_With_IEEE_Test" name="Test_Login_form" time="6.515"/>
  <testcase classname="Citation_Tool_Test.Webpage_Citation_Checker_With_IEEE_Test" name="Test_Webpage_Citation_Checker_With_IEEE_Page" time="6.977"/>
</testsuite> <!-- Citation_Tool_Test.Webpage_Citation_Checker_With_IEEE_Test -->
