<?xml version="1.0" encoding="UTF-8"?>
<!-- Generated by org.testng.reporters.JUnitReportReporter -->
<testsuite hostname="DESKTOP-QUSVQOE" failures="0" tests="4" name="APP_Writing_Test.Compare_Product_Service_Test" time="40.230" errors="0" timestamp="2024-06-26T12:19:40 IST" skipped="0">
  <testcase classname="APP_Writing_Test.Compare_Product_Service_Test" name="Launch_app" time="3.476"/>
  <testcase classname="APP_Writing_Test.Compare_Product_Service_Test" name="Test_Login" time="2.535"/>
  <testcase classname="APP_Writing_Test.Compare_Product_Service_Test" name="Test_Login_form" time="6.799"/>
  <testcase classname="APP_Writing_Test.Compare_Product_Service_Test" name="Test_How_To_works" time="27.420"/>
</testsuite> <!-- APP_Writing_Test.Compare_Product_Service_Test -->
