<?xml version="1.0" encoding="UTF-8"?>
<!-- Generated by org.testng.reporters.JUnitReportReporter -->
<testsuite hostname="DESKTOP-QUSVQOE" failures="0" tests="4" name="Citation_Tool_Test.Book_Citation_Checker_IEEE_Test" time="20.538" errors="0" timestamp="2024-07-02T18:27:00 IST" skipped="0">
  <testcase classname="Citation_Tool_Test.Book_Citation_Checker_IEEE_Test" name="Launch_app" time="3.919"/>
  <testcase classname="Citation_Tool_Test.Book_Citation_Checker_IEEE_Test" name="Test_Login" time="2.513"/>
  <testcase classname="Citation_Tool_Test.Book_Citation_Checker_IEEE_Test" name="Test_Login_form" time="8.604"/>
  <testcase classname="Citation_Tool_Test.Book_Citation_Checker_IEEE_Test" name="Test_Book_Citation_Checker_IEEE_Page" time="5.502"/>
</testsuite> <!-- Citation_Tool_Test.Book_Citation_Checker_IEEE_Test -->
