<?xml version="1.0" encoding="UTF-8"?>
<!-- Generated by org.testng.reporters.JUnitReportReporter -->
<testsuite hostname="DESKTOP-QUSVQOE" failures="0" tests="4" name="APP_Writing_Test.summary_generator_Test" time="24.778" errors="0" timestamp="2024-06-27T14:02:58 IST" skipped="0">
  <testcase classname="APP_Writing_Test.summary_generator_Test" name="Launch_app" time="4.036"/>
  <testcase classname="APP_Writing_Test.summary_generator_Test" name="Test_Login" time="2.499"/>
  <testcase classname="APP_Writing_Test.summary_generator_Test" name="Test_Login_form" time="7.339"/>
  <testcase classname="APP_Writing_Test.summary_generator_Test" name="Test_summary_generator_Page" time="10.904"/>
</testsuite> <!-- APP_Writing_Test.summary_generator_Test -->
