<?xml version="1.0" encoding="UTF-8"?>
<!-- Generated by org.testng.reporters.JUnitReportReporter -->
<testsuite hostname="DESKTOP-QUSVQOE" failures="0" tests="4" name="APP_Writing_Test.Essay_generator_Test" time="30.390" errors="0" timestamp="2024-06-27T14:10:12 IST" skipped="0">
  <testcase classname="APP_Writing_Test.Essay_generator_Test" name="Launch_app" time="3.600"/>
  <testcase classname="APP_Writing_Test.Essay_generator_Test" name="Test_Login" time="2.548"/>
  <testcase classname="APP_Writing_Test.Essay_generator_Test" name="Test_Login_form" time="7.038"/>
  <testcase classname="APP_Writing_Test.Essay_generator_Test" name="Test_Essay_generator_Page" time="17.204"/>
</testsuite> <!-- APP_Writing_Test.Essay_generator_Test -->
