<?xml version="1.0" encoding="UTF-8"?>
<!-- Generated by org.testng.reporters.JUnitReportReporter -->
<testsuite hostname="DESKTOP-QUSVQOE" failures="0" tests="4" name="Translation_Tool.Translate_Website_Test" time="18.325" errors="0" timestamp="2024-07-01T14:15:06 IST" skipped="0">
  <testcase classname="Translation_Tool.Translate_Website_Test" name="Launch_app" time="3.777"/>
  <testcase classname="Translation_Tool.Translate_Website_Test" name="Test_Login" time="2.546"/>
  <testcase classname="Translation_Tool.Translate_Website_Test" name="Test_Login_form" time="5.601"/>
  <testcase classname="Translation_Tool.Translate_Website_Test" name="Test_Translate_Website_Page" time="6.401"/>
</testsuite> <!-- Translation_Tool.Translate_Website_Test -->
