<?xml version="1.0" encoding="UTF-8"?>
<!-- Generated by org.testng.reporters.JUnitReportReporter -->
<testsuite hostname="DESKTOP-QUSVQOE" failures="0" tests="5" name="User_DashBoard_section.User_Secuirty_Test" time="24.751" errors="0" timestamp="2024-07-11T18:39:43 IST" skipped="0">
  <testcase classname="User_DashBoard_section.User_Secuirty_Test" name="Launch_app" time="4.165"/>
  <testcase classname="User_DashBoard_section.User_Secuirty_Test" name="Test_Login" time="2.583"/>
  <testcase classname="User_DashBoard_section.User_Secuirty_Test" name="Test_Login_form" time="5.785"/>
  <testcase classname="User_DashBoard_section.User_Secuirty_Test" name="Test_Acoount_DashBoard_Page" time="7.769"/>
  <testcase classname="User_DashBoard_section.User_Secuirty_Test" name="Test_User_Secuirty_Page" time="4.449"/>
</testsuite> <!-- User_DashBoard_section.User_Secuirty_Test -->
