<?xml version="1.0" encoding="UTF-8"?>
<!-- Generated by org.testng.reporters.JUnitReportReporter -->
<testsuite hostname="DESKTOP-QUSVQOE" failures="0" tests="4" name="Citation_Tool_Test.Online_News_Aritcle_IEEE_Test" time="19.667" errors="0" timestamp="2024-07-03T12:42:22 IST" skipped="0">
  <testcase classname="Citation_Tool_Test.Online_News_Aritcle_IEEE_Test" name="Launch_app" time="4.615"/>
  <testcase classname="Citation_Tool_Test.Online_News_Aritcle_IEEE_Test" name="Test_Login" time="2.872"/>
  <testcase classname="Citation_Tool_Test.Online_News_Aritcle_IEEE_Test" name="Test_Login_form" time="8.387"/>
  <testcase classname="Citation_Tool_Test.Online_News_Aritcle_IEEE_Test" name="Test_Online_News_Aritcle_IEEE_Page" time="3.793"/>
</testsuite> <!-- Citation_Tool_Test.Online_News_Aritcle_IEEE_Test -->
