<?xml version="1.0" encoding="UTF-8"?>
<!-- Generated by org.testng.reporters.JUnitReportReporter -->
<testsuite hostname="DESKTOP-QUSVQOE" failures="0" tests="4" name="History_Section_Checked.History_checking_Test" time="17.622" errors="0" timestamp="2024-07-05T18:27:28 IST" skipped="0">
  <testcase classname="History_Section_Checked.History_checking_Test" name="Launch_app" time="3.905"/>
  <testcase classname="History_Section_Checked.History_checking_Test" name="Test_Login" time="2.523"/>
  <testcase classname="History_Section_Checked.History_checking_Test" name="Test_Login_form" time="6.568"/>
  <testcase classname="History_Section_Checked.History_checking_Test" name="Test_History_checking_Page" time="4.626"/>
</testsuite> <!-- History_Section_Checked.History_checking_Test -->
