<?xml version="1.0" encoding="UTF-8"?>
<!-- Generated by org.testng.reporters.JUnitReportReporter -->
<testsuite hostname="DESKTOP-QUSVQOE" failures="0" tests="5" name="User_DashBoard_section.Payment_Options_Test" time="27.697" errors="0" timestamp="2024-07-11T17:34:16 IST" skipped="0">
  <testcase classname="User_DashBoard_section.Payment_Options_Test" name="Launch_app" time="3.694"/>
  <testcase classname="User_DashBoard_section.Payment_Options_Test" name="Test_Login" time="2.541"/>
  <testcase classname="User_DashBoard_section.Payment_Options_Test" name="Test_Login_form" time="6.925"/>
  <testcase classname="User_DashBoard_section.Payment_Options_Test" name="Test_Acoount_DashBoard_Page" time="8.435"/>
  <testcase classname="User_DashBoard_section.Payment_Options_Test" name="Test_Payment_Options_Page" time="6.102"/>
</testsuite> <!-- User_DashBoard_section.Payment_Options_Test -->
