<?xml version="1.0" encoding="UTF-8"?>
<!-- Generated by org.testng.reporters.JUnitReportReporter -->
<testsuite hostname="DESKTOP-QUSVQOE" failures="0" tests="4" name="Translation_Tool.Translate_withFile_Test" time="29.576" errors="0" timestamp="2024-07-01T13:53:59 IST" skipped="0">
  <testcase classname="Translation_Tool.Translate_withFile_Test" name="Launch_app" time="3.438"/>
  <testcase classname="Translation_Tool.Translate_withFile_Test" name="Test_Login" time="2.609"/>
  <testcase classname="Translation_Tool.Translate_withFile_Test" name="Test_Login_form" time="9.029"/>
  <testcase classname="Translation_Tool.Translate_withFile_Test" name="Test_Translate_withFile_Page" time="14.500"/>
</testsuite> <!-- Translation_Tool.Translate_withFile_Test -->
