<?xml version="1.0" encoding="UTF-8"?>
<!-- Generated by org.testng.reporters.JUnitReportReporter -->
<testsuite hostname="DESKTOP-QUSVQOE" failures="0" tests="4" name="Plagiarism_Checker_Tool.Plagiarism_Checker_ViewReport_Test" time="21.925" errors="0" timestamp="2024-07-01T18:17:14 IST" skipped="0">
  <testcase classname="Plagiarism_Checker_Tool.Plagiarism_Checker_ViewReport_Test" name="Launch_app" time="3.580"/>
  <testcase classname="Plagiarism_Checker_Tool.Plagiarism_Checker_ViewReport_Test" name="Test_Login" time="2.551"/>
  <testcase classname="Plagiarism_Checker_Tool.Plagiarism_Checker_ViewReport_Test" name="Test_Login_form" time="7.350"/>
  <testcase classname="Plagiarism_Checker_Tool.Plagiarism_Checker_ViewReport_Test" name="Test_Plagiarism_Checker_ViewReport_Page" time="8.444"/>
</testsuite> <!-- Plagiarism_Checker_Tool.Plagiarism_Checker_ViewReport_Test -->
