<?xml version="1.0" encoding="UTF-8"?>
<!-- Generated by org.testng.reporters.JUnitReportReporter -->
<testsuite hostname="DESKTOP-QUSVQOE" failures="0" tests="4" name="AI_Chat_Test_Function.AI_Chat_browsePrompt_Search_Test" time="15.834" errors="0" timestamp="2024-07-03T14:15:49 IST" skipped="0">
  <testcase classname="AI_Chat_Test_Function.AI_Chat_browsePrompt_Search_Test" name="Launch_app" time="3.424"/>
  <testcase classname="AI_Chat_Test_Function.AI_Chat_browsePrompt_Search_Test" name="Test_Login" time="2.503"/>
  <testcase classname="AI_Chat_Test_Function.AI_Chat_browsePrompt_Search_Test" name="Test_Login_form" time="5.698"/>
  <testcase classname="AI_Chat_Test_Function.AI_Chat_browsePrompt_Search_Test" name="Test_AI_Chat_browsePrompt_Search_Page" time="4.209"/>
</testsuite> <!-- AI_Chat_Test_Function.AI_Chat_browsePrompt_Search_Test -->
