<?xml version="1.0" encoding="UTF-8"?>
<!-- Generated by org.testng.reporters.JUnitReportReporter -->
<testsuite hostname="DESKTOP-QUSVQOE" failures="0" tests="4" name="Plagiarism_Checker_Tool.Plagiarism_Test" time="26.281" errors="0" timestamp="2024-07-01T17:23:29 IST" skipped="0">
  <testcase classname="Plagiarism_Checker_Tool.Plagiarism_Test" name="Launch_app" time="3.497"/>
  <testcase classname="Plagiarism_Checker_Tool.Plagiarism_Test" name="Test_Login" time="2.534"/>
  <testcase classname="Plagiarism_Checker_Tool.Plagiarism_Test" name="Test_Login_form" time="6.385"/>
  <testcase classname="Plagiarism_Checker_Tool.Plagiarism_Test" name="Test_Plagiarism_Page" time="13.865"/>
</testsuite> <!-- Plagiarism_Checker_Tool.Plagiarism_Test -->
