<?xml version="1.0" encoding="UTF-8"?>
<!-- Generated by org.testng.reporters.JUnitReportReporter -->
<testsuite hostname="DESKTOP-QUSVQOE" failures="0" tests="4" name="Citation_Tool_Test.Book_Citation_Checker_MLA_Test" time="17.844" errors="0" timestamp="2024-07-02T18:23:12 IST" skipped="0">
  <testcase classname="Citation_Tool_Test.Book_Citation_Checker_MLA_Test" name="Launch_app" time="3.428"/>
  <testcase classname="Citation_Tool_Test.Book_Citation_Checker_MLA_Test" name="Test_Login" time="2.475"/>
  <testcase classname="Citation_Tool_Test.Book_Citation_Checker_MLA_Test" name="Test_Login_form" time="6.828"/>
  <testcase classname="Citation_Tool_Test.Book_Citation_Checker_MLA_Test" name="Test_Book_Citation_Checker_MLA_Page" time="5.113"/>
</testsuite> <!-- Citation_Tool_Test.Book_Citation_Checker_MLA_Test -->
