<?xml version="1.0" encoding="UTF-8"?>
<!-- Generated by org.testng.reporters.JUnitReportReporter -->
<testsuite hostname="DESKTOP-QUSVQOE" failures="0" tests="4" name="APP_Writing_Test.Title_generator_Test" time="21.320" errors="0" timestamp="2024-06-27T13:56:54 IST" skipped="0">
  <testcase classname="APP_Writing_Test.Title_generator_Test" name="Launch_app" time="0.815"/>
  <testcase classname="APP_Writing_Test.Title_generator_Test" name="Test_Login" time="3.120"/>
  <testcase classname="APP_Writing_Test.Title_generator_Test" name="Test_Login_form" time="6.111"/>
  <testcase classname="APP_Writing_Test.Title_generator_Test" name="Test_Title_generator_Page" time="11.274"/>
</testsuite> <!-- APP_Writing_Test.Title_generator_Test -->
