<?xml version="1.0" encoding="UTF-8"?>
<!-- Generated by org.testng.reporters.JUnitReportReporter -->
<testsuite hostname="DESKTOP-QUSVQOE" failures="0" tests="5" name="User_DashBoard_section.Subscriptions_Update_Page_Test" time="30.666" errors="0" timestamp="2024-07-11T13:40:47 IST" skipped="0">
  <testcase classname="User_DashBoard_section.Subscriptions_Update_Page_Test" name="Launch_app" time="3.371"/>
  <testcase classname="User_DashBoard_section.Subscriptions_Update_Page_Test" name="Test_Login" time="2.552"/>
  <testcase classname="User_DashBoard_section.Subscriptions_Update_Page_Test" name="Test_Login_form" time="6.179"/>
  <testcase classname="User_DashBoard_section.Subscriptions_Update_Page_Test" name="Test_Acoount_DashBoard_Page" time="8.015"/>
  <testcase classname="User_DashBoard_section.Subscriptions_Update_Page_Test" name="Test_Subscriptions_Update_Page" time="10.549"/>
</testsuite> <!-- User_DashBoard_section.Subscriptions_Update_Page_Test -->
