<?xml version="1.0" encoding="UTF-8"?>
<!-- Generated by org.testng.reporters.JUnitReportReporter -->
<testsuite hostname="DESKTOP-QUSVQOE" failures="0" tests="5" name="User_DashBoard_section.User_Billing_Test" time="27.076" errors="0" timestamp="2024-07-11T17:45:03 IST" skipped="0">
  <testcase classname="User_DashBoard_section.User_Billing_Test" name="Launch_app" time="3.777"/>
  <testcase classname="User_DashBoard_section.User_Billing_Test" name="Test_Login" time="2.551"/>
  <testcase classname="User_DashBoard_section.User_Billing_Test" name="Test_Login_form" time="7.005"/>
  <testcase classname="User_DashBoard_section.User_Billing_Test" name="Test_Acoount_DashBoard_Page" time="8.762"/>
  <testcase classname="User_DashBoard_section.User_Billing_Test" name="Test_User_Billing_Page" time="4.981"/>
</testsuite> <!-- User_DashBoard_section.User_Billing_Test -->
