<?xml version="1.0" encoding="UTF-8"?>
<!-- Generated by org.testng.reporters.JUnitReportReporter -->
<testsuite hostname="DESKTOP-QUSVQOE" failures="0" tests="4" name="APP_Writing_Test.Short_vedio_script_genrator_Test" time="32.085" errors="0" timestamp="2024-06-25T18:40:37 IST" skipped="0">
  <testcase classname="APP_Writing_Test.Short_vedio_script_genrator_Test" name="Launch_app" time="3.478"/>
  <testcase classname="APP_Writing_Test.Short_vedio_script_genrator_Test" name="Test_Login" time="2.546"/>
  <testcase classname="APP_Writing_Test.Short_vedio_script_genrator_Test" name="Test_Login_form" time="6.780"/>
  <testcase classname="APP_Writing_Test.Short_vedio_script_genrator_Test" name="Test_How_To_works" time="19.281"/>
</testsuite> <!-- APP_Writing_Test.Short_vedio_script_genrator_Test -->
