<?xml version="1.0" encoding="UTF-8"?>
<!-- Generated by org.testng.reporters.JUnitReportReporter -->
<testsuite hostname="DESKTOP-QUSVQOE" failures="0" tests="4" name="AI_Chat_Test_Function.AI_Chat_browsePrompt_Test" time="17.830" errors="0" timestamp="2024-07-03T13:55:17 IST" skipped="0">
  <testcase classname="AI_Chat_Test_Function.AI_Chat_browsePrompt_Test" name="Launch_app" time="4.833"/>
  <testcase classname="AI_Chat_Test_Function.AI_Chat_browsePrompt_Test" name="Test_Login" time="2.559"/>
  <testcase classname="AI_Chat_Test_Function.AI_Chat_browsePrompt_Test" name="Test_Login_form" time="5.948"/>
  <testcase classname="AI_Chat_Test_Function.AI_Chat_browsePrompt_Test" name="Test_AI_Chat_browsePrompt_Page" time="4.490"/>
</testsuite> <!-- AI_Chat_Test_Function.AI_Chat_browsePrompt_Test -->
