<?xml version="1.0" encoding="UTF-8"?>
<!-- Generated by org.testng.reporters.JUnitReportReporter -->
<testsuite hostname="DESKTOP-QUSVQOE" failures="0" tests="5" name="Login.Change_Password_Test" time="23.635" errors="0" timestamp="2024-07-11T12:43:37 IST" skipped="0">
  <testcase classname="Login.Change_Password_Test" name="Launch_app" time="0.922"/>
  <testcase classname="Login.Change_Password_Test" name="Test_Login" time="3.131"/>
  <testcase classname="Login.Change_Password_Test" name="Test_Login_form" time="5.717"/>
  <testcase classname="Login.Change_Password_Test" name="Test_Acoount_DashBoard_Page" time="8.124"/>
  <testcase classname="Login.Change_Password_Test" name="Test_Change_Password_Page" time="5.741"/>
</testsuite> <!-- Login.Change_Password_Test -->
