<?xml version="1.0" encoding="UTF-8"?>
<!-- Generated by org.testng.reporters.JUnitReportReporter -->
<testsuite hostname="DESKTOP-QUSVQOE" failures="0" tests="4" name="APP_Writing_Test.Seo_Keyword_Search_Test" time="28.046" errors="0" timestamp="2024-06-25T18:04:50 IST" skipped="0">
  <testcase classname="APP_Writing_Test.Seo_Keyword_Search_Test" name="Launch_app" time="4.068"/>
  <testcase classname="APP_Writing_Test.Seo_Keyword_Search_Test" name="Test_Login" time="2.540"/>
  <testcase classname="APP_Writing_Test.Seo_Keyword_Search_Test" name="Test_Login_form" time="6.401"/>
  <testcase classname="APP_Writing_Test.Seo_Keyword_Search_Test" name="Test_Seo_Keywords" time="15.037"/>
</testsuite> <!-- APP_Writing_Test.Seo_Keyword_Search_Test -->
