<?xml version="1.0" encoding="UTF-8"?>
<!-- Generated by org.testng.reporters.JUnitReportReporter -->
<testsuite hostname="DESKTOP-QUSVQOE" failures="0" tests="4" name="APP_Writing_Test.Create_Amazone_Product_descriptions_Test" time="31.560" errors="0" timestamp="2024-06-25T19:08:53 IST" skipped="0">
  <testcase classname="APP_Writing_Test.Create_Amazone_Product_descriptions_Test" name="Launch_app" time="3.653"/>
  <testcase classname="APP_Writing_Test.Create_Amazone_Product_descriptions_Test" name="Test_Login" time="2.494"/>
  <testcase classname="APP_Writing_Test.Create_Amazone_Product_descriptions_Test" name="Test_Login_form" time="6.806"/>
  <testcase classname="APP_Writing_Test.Create_Amazone_Product_descriptions_Test" name="Test_How_To_works" time="18.607"/>
</testsuite> <!-- APP_Writing_Test.Create_Amazone_Product_descriptions_Test -->
