<?xml version="1.0" encoding="UTF-8"?>
<!-- Generated by org.testng.reporters.JUnitReportReporter -->
<testsuite hostname="DESKTOP-QUSVQOE" failures="0" tests="2" name="Login.Login_Test" time="6.390" errors="0" timestamp="2024-06-24T13:40:21 IST" skipped="0">
  <testcase classname="Login.Login_Test" name="Launch_app" time="3.834"/>
  <testcase classname="Login.Login_Test" name="Test_Login" time="2.556"/>
</testsuite> <!-- Login.Login_Test -->
