<?xml version="1.0" encoding="UTF-8"?>
<!-- Generated by org.testng.reporters.JUnitReportReporter -->
<testsuite hostname="DESKTOP-QUSVQOE" failures="0" tests="4" name="Citation_Tool_Test.Video_Citation_Checker_IEEE_Test" time="21.942" errors="0" timestamp="2024-07-03T12:08:09 IST" skipped="0">
  <testcase classname="Citation_Tool_Test.Video_Citation_Checker_IEEE_Test" name="Launch_app" time="7.614"/>
  <testcase classname="Citation_Tool_Test.Video_Citation_Checker_IEEE_Test" name="Test_Login" time="2.584"/>
  <testcase classname="Citation_Tool_Test.Video_Citation_Checker_IEEE_Test" name="Test_Login_form" time="8.186"/>
  <testcase classname="Citation_Tool_Test.Video_Citation_Checker_IEEE_Test" name="Test_Video_Citation_Checker_IEEE_Page" time="3.558"/>
</testsuite> <!-- Citation_Tool_Test.Video_Citation_Checker_IEEE_Test -->
