<?xml version="1.0" encoding="UTF-8"?>
<!-- Generated by org.testng.reporters.JUnitReportReporter -->
<testsuite hostname="DESKTOP-QUSVQOE" failures="0" tests="4" name="APP_Writing_Test.video_caption_generator_Test" time="26.533" errors="0" timestamp="2024-06-27T12:15:46 IST" skipped="0">
  <testcase classname="APP_Writing_Test.video_caption_generator_Test" name="Launch_app" time="3.508"/>
  <testcase classname="APP_Writing_Test.video_caption_generator_Test" name="Test_Login" time="2.525"/>
  <testcase classname="APP_Writing_Test.video_caption_generator_Test" name="Test_Login_form" time="7.259"/>
  <testcase classname="APP_Writing_Test.video_caption_generator_Test" name="Test_video_caption_generator" time="13.241"/>
</testsuite> <!-- APP_Writing_Test.video_caption_generator_Test -->
