<?xml version="1.0" encoding="UTF-8"?>
<!-- Generated by org.testng.reporters.JUnitReportReporter -->
<testsuite hostname="DESKTOP-QUSVQOE" failures="0" tests="4" name="APP_Writing_Test.youtube_video_description_Test" time="26.167" errors="0" timestamp="2024-06-27T12:23:37 IST" skipped="0">
  <testcase classname="APP_Writing_Test.youtube_video_description_Test" name="Launch_app" time="3.590"/>
  <testcase classname="APP_Writing_Test.youtube_video_description_Test" name="Test_Login" time="2.500"/>
  <testcase classname="APP_Writing_Test.youtube_video_description_Test" name="Test_Login_form" time="7.037"/>
  <testcase classname="APP_Writing_Test.youtube_video_description_Test" name="Test_youtube_video_description" time="13.040"/>
</testsuite> <!-- APP_Writing_Test.youtube_video_description_Test -->
