<?xml version="1.0" encoding="UTF-8"?>
<!-- Generated by org.testng.reporters.JUnitReportReporter -->
<testsuite hostname="DESKTOP-QUSVQOE" failures="0" tests="4" name="APP_Writing_Test.Social_media_post_Test" time="25.504" errors="0" timestamp="2024-06-28T12:50:22 IST" skipped="0">
  <testcase classname="APP_Writing_Test.Social_media_post_Test" name="Launch_app" time="3.506"/>
  <testcase classname="APP_Writing_Test.Social_media_post_Test" name="Test_Login" time="2.501"/>
  <testcase classname="APP_Writing_Test.Social_media_post_Test" name="Test_Login_form" time="6.086"/>
  <testcase classname="APP_Writing_Test.Social_media_post_Test" name="Test_Social_media_post_Page" time="13.411"/>
</testsuite> <!-- APP_Writing_Test.Social_media_post_Test -->
