<?xml version="1.0" encoding="UTF-8"?>
<!-- Generated by org.testng.reporters.JUnitReportReporter -->
<testsuite hostname="DESKTOP-QUSVQOE" failures="0" tests="4" name="APP_Writing_Test.Email_genrator_Test" time="27.092" errors="0" timestamp="2024-06-27T17:38:36 IST" skipped="0">
  <testcase classname="APP_Writing_Test.Email_genrator_Test" name="Launch_app" time="3.701"/>
  <testcase classname="APP_Writing_Test.Email_genrator_Test" name="Test_Login" time="2.509"/>
  <testcase classname="APP_Writing_Test.Email_genrator_Test" name="Test_Login_form" time="6.484"/>
  <testcase classname="APP_Writing_Test.Email_genrator_Test" name="Test_Email_generator_Page" time="14.398"/>
</testsuite> <!-- APP_Writing_Test.Email_genrator_Test -->
