<?xml version="1.0" encoding="UTF-8"?>
<!-- Generated by org.testng.reporters.JUnitReportReporter -->
<testsuite hostname="DESKTOP-QUSVQOE" failures="0" tests="4" name="Citation_Tool_Test.Journal_article_Test" time="18.386" errors="0" timestamp="2024-07-02T17:27:16 IST" skipped="0">
  <testcase classname="Citation_Tool_Test.Journal_article_Test" name="Launch_app" time="3.497"/>
  <testcase classname="Citation_Tool_Test.Journal_article_Test" name="Test_Login" time="2.532"/>
  <testcase classname="Citation_Tool_Test.Journal_article_Test" name="Test_Login_form" time="6.170"/>
  <testcase classname="Citation_Tool_Test.Journal_article_Test" name="Test_Journal_article_Page" time="6.187"/>
</testsuite> <!-- Citation_Tool_Test.Journal_article_Test -->
