<?xml version="1.0" encoding="UTF-8"?>
<!-- Generated by org.testng.reporters.JUnitReportReporter -->
<testsuite hostname="DESKTOP-QUSVQOE" failures="0" tests="4" name="Projects_Create.New_Project_Test" time="20.398" errors="0" timestamp="2024-07-04T12:25:05 IST" skipped="0">
  <testcase classname="Projects_Create.New_Project_Test" name="Launch_app" time="5.842"/>
  <testcase classname="Projects_Create.New_Project_Test" name="Test_Login" time="2.527"/>
  <testcase classname="Projects_Create.New_Project_Test" name="Test_Login_form" time="6.612"/>
  <testcase classname="Projects_Create.New_Project_Test" name="Test_New_Project_Page" time="5.417"/>
</testsuite> <!-- Projects_Create.New_Project_Test -->
