<?xml version="1.0" encoding="UTF-8"?>
<!-- Generated by org.testng.reporters.JUnitReportReporter -->
<testsuite hostname="DESKTOP-QUSVQOE" failures="0" tests="4" name="Plagiarism_Checker_Tool.Plagiarism_Checker_sendReport_Test" time="22.406" errors="0" timestamp="2024-07-01T18:26:51 IST" skipped="0">
  <testcase classname="Plagiarism_Checker_Tool.Plagiarism_Checker_sendReport_Test" name="Launch_app" time="3.475"/>
  <testcase classname="Plagiarism_Checker_Tool.Plagiarism_Checker_sendReport_Test" name="Test_Login" time="2.544"/>
  <testcase classname="Plagiarism_Checker_Tool.Plagiarism_Checker_sendReport_Test" name="Test_Login_form" time="10.474"/>
  <testcase classname="Plagiarism_Checker_Tool.Plagiarism_Checker_sendReport_Test" name="Test_Plagiarism_Checker_sendReport_Page" time="5.913"/>
</testsuite> <!-- Plagiarism_Checker_Tool.Plagiarism_Checker_sendReport_Test -->
