<?xml version="1.0" encoding="UTF-8"?>
<!-- Generated by org.testng.reporters.JUnitReportReporter -->
<testsuite hostname="DESKTOP-QUSVQOE" failures="0" tests="4" name="APP_Writing_Test.product_description_Test" time="25.448" errors="0" timestamp="2024-06-28T13:14:22 IST" skipped="0">
  <testcase classname="APP_Writing_Test.product_description_Test" name="Launch_app" time="3.524"/>
  <testcase classname="APP_Writing_Test.product_description_Test" name="Test_Login" time="2.490"/>
  <testcase classname="APP_Writing_Test.product_description_Test" name="Test_Login_form" time="6.019"/>
  <testcase classname="APP_Writing_Test.product_description_Test" name="Test_product_description_Page" time="13.415"/>
</testsuite> <!-- APP_Writing_Test.product_description_Test -->
