<?xml version="1.0" encoding="UTF-8"?>
<!-- Generated by org.testng.reporters.JUnitReportReporter -->
<testsuite hostname="DESKTOP-QUSVQOE" failures="0" tests="4" name="APP_Writing_Test.business_generator_Test" time="28.377" errors="0" timestamp="2024-06-28T17:50:42 IST" skipped="0">
  <testcase classname="APP_Writing_Test.business_generator_Test" name="Launch_app" time="3.719"/>
  <testcase classname="APP_Writing_Test.business_generator_Test" name="Test_Login" time="2.506"/>
  <testcase classname="APP_Writing_Test.business_generator_Test" name="Test_Login_form" time="7.831"/>
  <testcase classname="APP_Writing_Test.business_generator_Test" name="Test_business_generator_Page" time="14.321"/>
</testsuite> <!-- APP_Writing_Test.business_generator_Test -->
