<?xml version="1.0" encoding="UTF-8"?>
<!-- Generated by org.testng.reporters.JUnitReportReporter -->
<testsuite hostname="DESKTOP-QUSVQOE" failures="0" tests="4" name="Citation_Tool_Test.Video_Citation_Checker_MLA_Test" time="33.195" errors="0" timestamp="2024-07-03T11:56:42 IST" skipped="0">
  <testcase classname="Citation_Tool_Test.Video_Citation_Checker_MLA_Test" name="Launch_app" time="7.425"/>
  <testcase classname="Citation_Tool_Test.Video_Citation_Checker_MLA_Test" name="Test_Login" time="2.658"/>
  <testcase classname="Citation_Tool_Test.Video_Citation_Checker_MLA_Test" name="Test_Login_form" time="19.005"/>
  <testcase classname="Citation_Tool_Test.Video_Citation_Checker_MLA_Test" name="Test_Video_Citation_Checker_MLA_Page" time="4.107"/>
</testsuite> <!-- Citation_Tool_Test.Video_Citation_Checker_MLA_Test -->
