<?xml version="1.0" encoding="UTF-8"?>
<!-- Generated by org.testng.reporters.JUnitReportReporter -->
<testsuite hostname="DESKTOP-QUSVQOE" failures="0" tests="4" name="APP_Writing_Test.Paragraph_genrator_Test" time="25.601" errors="0" timestamp="2024-06-25T14:12:43 IST" skipped="0">
  <testcase classname="APP_Writing_Test.Paragraph_genrator_Test" name="Launch_app" time="3.450"/>
  <testcase classname="APP_Writing_Test.Paragraph_genrator_Test" name="Test_Login" time="2.570"/>
  <testcase classname="APP_Writing_Test.Paragraph_genrator_Test" name="Test_Login_form" time="7.072"/>
  <testcase classname="APP_Writing_Test.Paragraph_genrator_Test" name="Test_Paragraph" time="12.509"/>
</testsuite> <!-- APP_Writing_Test.Paragraph_genrator_Test -->
