<?xml version="1.0" encoding="UTF-8"?>
<!-- Generated by org.testng.reporters.JUnitReportReporter -->
<testsuite hostname="DESKTOP-QUSVQOE" failures="0" tests="4" name="APP_Writing_Test.HashTag_Genrator_Test" time="29.759" errors="0" timestamp="2024-06-25T18:19:06 IST" skipped="0">
  <testcase classname="APP_Writing_Test.HashTag_Genrator_Test" name="Launch_app" time="3.712"/>
  <testcase classname="APP_Writing_Test.HashTag_Genrator_Test" name="Test_Login" time="2.565"/>
  <testcase classname="APP_Writing_Test.HashTag_Genrator_Test" name="Test_Login_form" time="7.353"/>
  <testcase classname="APP_Writing_Test.HashTag_Genrator_Test" name="Test_Hashtag_genrator" time="16.129"/>
</testsuite> <!-- APP_Writing_Test.HashTag_Genrator_Test -->
